Determining if the pthread_create exist failed with the following output:
Change Dir: /home/nam31e5516/Documents/PROJECTS/ROS_Learning/wheel4_bot_ws/build/scripts/CMakeFiles/CMakeTmp

Run Build Command:"/usr/bin/make" "cmTC_bc29f/fast"
/usr/bin/make -f CMakeFiles/cmTC_bc29f.dir/build.make CMakeFiles/cmTC_bc29f.dir/build
make[1]: Entering directory '/home/nam31e5516/Documents/PROJECTS/ROS_Learning/wheel4_bot_ws/build/scripts/CMakeFiles/CMakeTmp'
Building C object CMakeFiles/cmTC_bc29f.dir/CheckSymbolExists.c.o
/usr/bin/cc     -o CMakeFiles/cmTC_bc29f.dir/CheckSymbolExists.c.o   -c /home/nam31e5516/Documents/PROJECTS/ROS_Learning/wheel4_bot_ws/build/scripts/CMakeFiles/CMakeTmp/CheckSymbolExists.c
Linking C executable cmTC_bc29f
/usr/bin/cmake -E cmake_link_script CMakeFiles/cmTC_bc29f.dir/link.txt --verbose=1
/usr/bin/cc       CMakeFiles/cmTC_bc29f.dir/CheckSymbolExists.c.o  -o cmTC_bc29f -rdynamic 
CMakeFiles/cmTC_bc29f.dir/CheckSymbolExists.c.o: In function `main':
CheckSymbolExists.c:(.text+0x16): undefined reference to `pthread_create'
collect2: error: ld returned 1 exit status
CMakeFiles/cmTC_bc29f.dir/build.make:97: recipe for target 'cmTC_bc29f' failed
make[1]: *** [cmTC_bc29f] Error 1
make[1]: Leaving directory '/home/nam31e5516/Documents/PROJECTS/ROS_Learning/wheel4_bot_ws/build/scripts/CMakeFiles/CMakeTmp'
Makefile:126: recipe for target 'cmTC_bc29f/fast' failed
make: *** [cmTC_bc29f/fast] Error 2

File /home/nam31e5516/Documents/PROJECTS/ROS_Learning/wheel4_bot_ws/build/scripts/CMakeFiles/CMakeTmp/CheckSymbolExists.c:
/* */
#include <pthread.h>

int main(int argc, char** argv)
{
  (void)argv;
#ifndef pthread_create
  return ((int*)(&pthread_create))[argc];
#else
  (void)argc;
  return 0;
#endif
}

Determining if the function pthread_create exists in the pthreads failed with the following output:
Change Dir: /home/nam31e5516/Documents/PROJECTS/ROS_Learning/wheel4_bot_ws/build/scripts/CMakeFiles/CMakeTmp

Run Build Command:"/usr/bin/make" "cmTC_602fb/fast"
/usr/bin/make -f CMakeFiles/cmTC_602fb.dir/build.make CMakeFiles/cmTC_602fb.dir/build
make[1]: Entering directory '/home/nam31e5516/Documents/PROJECTS/ROS_Learning/wheel4_bot_ws/build/scripts/CMakeFiles/CMakeTmp'
Building C object CMakeFiles/cmTC_602fb.dir/CheckFunctionExists.c.o
/usr/bin/cc    -DCHECK_FUNCTION_EXISTS=pthread_create   -o CMakeFiles/cmTC_602fb.dir/CheckFunctionExists.c.o   -c /usr/share/cmake-3.5/Modules/CheckFunctionExists.c
Linking C executable cmTC_602fb
/usr/bin/cmake -E cmake_link_script CMakeFiles/cmTC_602fb.dir/link.txt --verbose=1
/usr/bin/cc   -DCHECK_FUNCTION_EXISTS=pthread_create    CMakeFiles/cmTC_602fb.dir/CheckFunctionExists.c.o  -o cmTC_602fb -rdynamic -lpthreads 
/usr/bin/ld: cannot find -lpthreads
collect2: error: ld returned 1 exit status
CMakeFiles/cmTC_602fb.dir/build.make:97: recipe for target 'cmTC_602fb' failed
make[1]: *** [cmTC_602fb] Error 1
make[1]: Leaving directory '/home/nam31e5516/Documents/PROJECTS/ROS_Learning/wheel4_bot_ws/build/scripts/CMakeFiles/CMakeTmp'
Makefile:126: recipe for target 'cmTC_602fb/fast' failed
make: *** [cmTC_602fb/fast] Error 2


